#-----------------------------------------------------------
# Vivado v2018.3 (64-bit)
# SW Build 2405991 on Thu Dec  6 23:38:27 MST 2018
# IP Build 2404404 on Fri Dec  7 01:43:56 MST 2018
# Start of session at: Thu Feb 23 16:59:40 2023
# Process ID: 21236
# Current directory: D:/sine/Desktop/IC/Preliminary/Cortex_M3_SoC/Project
# Command line: vivado.exe -gui_launcher_event rodinguilauncherevent12284 D:\sine\Desktop\IC\Preliminary\Cortex_M3_SoC\Project\cm3_Soc.xpr
# Log file: D:/sine/Desktop/IC/Preliminary/Cortex_M3_SoC/Project/vivado.log
# Journal file: D:/sine/Desktop/IC/Preliminary/Cortex_M3_SoC/Project\vivado.jou
#-----------------------------------------------------------
start_gui
open_project D:/sine/Desktop/IC/Preliminary/Cortex_M3_SoC/Project/cm3_Soc.xpr
Scanning sources...
Finished scanning sources
INFO: [IP_Flow 19-234] Refreshing IP repositories
INFO: [IP_Flow 19-1700] Loaded user IP repository 'd:/sine/Desktop/IC/Preliminary/Cortex_M3_SoC/CM3_IP/Arm_ipi_repository'.
INFO: [IP_Flow 19-2313] Loaded Vivado IP repository 'D:/Xilinx/Vivado/2018.3/data/ip'.
open_project: Time (s): cpu = 00:00:10 ; elapsed = 00:00:05 . Memory (MB): peak = 824.133 ; gain = 153.969
open_bd_design {D:/sine/Desktop/IC/Preliminary/Cortex_M3_SoC/Project/cm3_Soc.srcs/sources_1/bd/cm3_core/cm3_core.bd}
Adding cell -- Arm.com:CortexM:CORTEXM3_AXI:1.1 - CORTEXM3_AXI_0
Successfully read diagram <cm3_core> from BD file <D:/sine/Desktop/IC/Preliminary/Cortex_M3_SoC/Project/cm3_Soc.srcs/sources_1/bd/cm3_core/cm3_core.bd>
update_compile_order -fileset sources_1
exit
INFO: [Common 17-206] Exiting Vivado at Thu Feb 23 19:41:05 2023...
