#-----------------------------------------------------------
# Vivado v2018.3 (64-bit)
# SW Build 2405991 on Thu Dec  6 23:38:27 MST 2018
# IP Build 2404404 on Fri Dec  7 01:43:56 MST 2018
# Start of session at: Tue Feb 28 01:14:46 2023
# Process ID: 7104
# Current directory: D:/sine/Desktop/IC/Preliminary/Cortex_M3_SoC/1.Vivado_Project
# Command line: vivado.exe -gui_launcher_event rodinguilauncherevent17208 D:\sine\Desktop\IC\Preliminary\Cortex_M3_SoC\1.Vivado_Project\cm3_Soc.xpr
# Log file: D:/sine/Desktop/IC/Preliminary/Cortex_M3_SoC/1.Vivado_Project/vivado.log
# Journal file: D:/sine/Desktop/IC/Preliminary/Cortex_M3_SoC/1.Vivado_Project\vivado.jou
#-----------------------------------------------------------
start_gui
open_project D:/sine/Desktop/IC/Preliminary/Cortex_M3_SoC/1.Vivado_Project/cm3_Soc.xpr
INFO: [Common 17-41] Interrupt caught. Command should exit soon.
INFO: [Common 17-344] 'open_project' was cancelled
exit
INFO: [Common 17-206] Exiting Vivado at Tue Feb 28 01:18:18 2023...
t 56-3] IP Repository Path: Could not find the directory 'D:/sine/Desktop/IC/Preliminary/Cortex_M3_SoC/CM3_IP/Arm_ipi_repository'.
INFO: [IP_Flow 19-234] Refreshing IP repositories
WARNING: [IP_Flow 19-2248] Failed to load user IP repository 'd:/sine/Desktop/IC/Preliminary/Cortex_M3_SoC/CM3_IP/Arm_ipi_repository'; Can't find the specified path.
If this directory should no longer be in your list of user repositories, go to the IP Settings dialog and remove it.
INFO: [IP_Flow 19-2313] Loaded Vivado IP repository 'D:/Xilinx/Vivado/2018.3/data/ip'.
WARNING: [BD 41-1661] One or more IPs have been locked in the design 'cm3_core.bd'. Please run report_ip_status for more details and recommendations on how to fix this issue.
List of locked IPs:
cm3_core_CORTEXM3_AXI_0_0

open_project: Time (s): cpu = 00:00:15 ; elapsed = 00:00:07 . Memory (MB): peak = 881.723 ; gain = 197.844
open_bd_design {D:/sine/Desktop/IC/Preliminary/Cortex_M3_SoC/1.Vivado_Project/cm3_Soc.srcs/sources_1/bd/cm3_core/cm3_core.bd}
Adding cell -- Arm.com:CortexM:CORTEXM3_AXI:1.1 - CORTEXM3_AXI_0
Adding cell -- xilinx.com:ip:util_vector_logic:2.0 - util_vector_logic_0
Adding cell -- xilinx.com:ip:axi_interconnect:2.1 - axi_interconnect_0
Adding cell -- xilinx.com:ip:axi_crossbar:2.1 - xbar
Adding cell -- xilinx.com:ip:axi_protocol_converter:2.1 - auto_pc
Adding cell -- xilinx.com:ip:proc_sys_reset:5.0 - proc_sys_reset_0
Adding cell -- xilinx.com:ip:xlconstant:1.1 - xlconstant_0
Adding cell -- xilinx.com:ip:xlconstant:1.1 - xlconstant_2
Adding cell -- xilinx.com:ip:xlconstant:1.1 - xlconstant_1
Adding cell -- xilinx.com:ip:axi_gpio:2.0 - axi_gpio_0
Adding cell -- xilinx.com:ip:axi_uartlite:2.0 - axi_uartlite_0
Adding cell -- xilinx.com:ip:xlconstant:1.1 - xlconstant_3
Adding cell -- xilinx.com:ip:util_vector_logic:2.0 - util_vector_logic_1
Adding cell -- xilinx.com:module_ref:port_swdio:1.0 - port_swdio_1
Successfully read diagram <cm3_core> from BD file <D:/sine/Desktop/IC/Preliminary/Cortex_M3_SoC/1.Vivado_Project/cm3_Soc.srcs/sources_1/bd/cm3_core/cm3_core.bd>
update_compile_order -fileset sources_1
update_ip_catalog -rebuild
INFO: [IP_Flow 19-234] Refreshing IP repositories
WARNING: [IP_Flow 19-2248] Failed to load user IP repository 'd:/sine/Desktop/IC/Preliminary/Cortex_M3_SoC/CM3_IP/Arm_ipi_repository'; Can't find the specified path.
If this directory should no longer be in your list of user repositories, go to the IP Settings dialog and remove it.
set_property  ip_repo_paths  {} [current_project]
update_ip_catalog
INFO: [IP_Flow 19-234] Refreshing IP repositories
INFO: [IP_Flow 19-1704] No user IP repositories specified
update_ip_catalog -rebuild
INFO: [IP_Flow 19-234] Refreshing IP repositories
INFO: [IP_Flow 19-1704] No user IP repositories specified
set_property  ip_repo_paths  D:/sine/Desktop/IC/Preliminary/Cortex_M3_SoC/1.Vivado_Project/CM3_IP/Arm_ipi_repository [current_project]
update_ip_catalog
INFO: [IP_Flow 19-234] Refreshing IP repositories
INFO: [IP_Flow 19-1700] Loaded user IP repository 'd:/sine/Desktop/IC/Preliminary/Cortex_M3_SoC/1.Vivado_Project/CM3_IP/Arm_ipi_repository'.
open_bd_design {D:/sine/Desktop/IC/Preliminary/Cortex_M3_SoC/1.Vivado_Project/cm3_Soc.srcs/sources_1/bd/cm3_core/cm3_core.bd}
exit
INFO: [Common 17-206] Exiting Vivado at Tue Feb 28 01:18:17 2023...
