
*** Running vivado
    with args -log cm3_core_wrapper.vds -m64 -product Vivado -mode batch -messageDb vivado.pb -notrace -source cm3_core_wrapper.tcl


****** Vivado v2018.3 (64-bit)
  **** SW Build 2405991 on Thu Dec  6 23:38:27 MST 2018
  **** IP Build 2404404 on Fri Dec  7 01:43:56 MST 2018
    ** Copyright 1986-2018 Xilinx, Inc. All Rights Reserved.

source cm3_core_wrapper.tcl -notrace
INFO: [IP_Flow 19-234] Refreshing IP repositories
INFO: [IP_Flow 19-1700] Loaded user IP repository 'd:/sine/Desktop/IC/Preliminary/Cortex_M3_SoC/CM3_IP/Arm_ipi_repository'.
INFO: [IP_Flow 19-2313] Loaded Vivado IP repository 'D:/Xilinx/Vivado/2018.3/data/ip'.
Command: synth_design -top cm3_core_wrapper -part xc7z010clg400-1 -directive AreaOptimized_high -control_set_opt_threshold 1
Starting synth_design
Attempting to get a license for feature 'Synthesis' and/or device 'xc7z010'
INFO: [Common 17-349] Got license for feature 'Synthesis' and/or device 'xc7z010'
INFO: Launching helper process for spawning children vivado processes
INFO: Helper process launched with PID 9044 
---------------------------------------------------------------------------------
Starting RTL Elaboration : Time (s): cpu = 00:00:01 ; elapsed = 00:00:01 . Memory (MB): peak = 475.730 ; gain = 102.305
---------------------------------------------------------------------------------
INFO: [Synth 8-6157] synthesizing module 'cm3_core_wrapper' [D:/sine/Desktop/IC/Preliminary/Cortex_M3_SoC/Project/cm3_Soc.srcs/sources_1/bd/cm3_core/hdl/cm3_core_wrapper.v:12]
INFO: [Synth 8-6157] synthesizing module 'cm3_core' [D:/sine/Desktop/IC/Preliminary/Cortex_M3_SoC/Project/cm3_Soc.srcs/sources_1/bd/cm3_core/synth/cm3_core.v:13]
INFO: [Synth 8-6157] synthesizing module 'cm3_core_CORTEXM3_AXI_0_0' [D:/sine/Desktop/IC/Preliminary/Cortex_M3_SoC/Project/cm3_Soc.runs/synth_3/.Xil/Vivado-16136-LAPTOP-7PHG5772/realtime/cm3_core_CORTEXM3_AXI_0_0_stub.v:6]
INFO: [Synth 8-6155] done synthesizing module 'cm3_core_CORTEXM3_AXI_0_0' (1#1) [D:/sine/Desktop/IC/Preliminary/Cortex_M3_SoC/Project/cm3_Soc.runs/synth_3/.Xil/Vivado-16136-LAPTOP-7PHG5772/realtime/cm3_core_CORTEXM3_AXI_0_0_stub.v:6]
WARNING: [Synth 8-350] instance 'CORTEXM3_AXI_0' of module 'cm3_core_CORTEXM3_AXI_0_0' requires 85 connections, but only 54 given [D:/sine/Desktop/IC/Preliminary/Cortex_M3_SoC/Project/cm3_Soc.srcs/sources_1/bd/cm3_core/synth/cm3_core.v:125]
INFO: [Synth 8-6157] synthesizing module 'cm3_core_axi_gpio_0_0' [D:/sine/Desktop/IC/Preliminary/Cortex_M3_SoC/Project/cm3_Soc.runs/synth_3/.Xil/Vivado-16136-LAPTOP-7PHG5772/realtime/cm3_core_axi_gpio_0_0_stub.v:6]
INFO: [Synth 8-6155] done synthesizing module 'cm3_core_axi_gpio_0_0' (2#1) [D:/sine/Desktop/IC/Preliminary/Cortex_M3_SoC/Project/cm3_Soc.runs/synth_3/.Xil/Vivado-16136-LAPTOP-7PHG5772/realtime/cm3_core_axi_gpio_0_0_stub.v:6]
INFO: [Synth 8-6157] synthesizing module 'cm3_core_axi_interconnect_0_0' [D:/sine/Desktop/IC/Preliminary/Cortex_M3_SoC/Project/cm3_Soc.srcs/sources_1/bd/cm3_core/synth/cm3_core.v:328]
INFO: [Synth 8-6157] synthesizing module 'm00_couplers_imp_WCSOSO' [D:/sine/Desktop/IC/Preliminary/Cortex_M3_SoC/Project/cm3_Soc.srcs/sources_1/bd/cm3_core/synth/cm3_core.v:838]
INFO: [Synth 8-6155] done synthesizing module 'm00_couplers_imp_WCSOSO' (3#1) [D:/sine/Desktop/IC/Preliminary/Cortex_M3_SoC/Project/cm3_Soc.srcs/sources_1/bd/cm3_core/synth/cm3_core.v:838]
INFO: [Synth 8-6157] synthesizing module 'm01_couplers_imp_178BK2X' [D:/sine/Desktop/IC/Preliminary/Cortex_M3_SoC/Project/cm3_Soc.srcs/sources_1/bd/cm3_core/synth/cm3_core.v:970]
INFO: [Synth 8-6155] done synthesizing module 'm01_couplers_imp_178BK2X' (4#1) [D:/sine/Desktop/IC/Preliminary/Cortex_M3_SoC/Project/cm3_Soc.srcs/sources_1/bd/cm3_core/synth/cm3_core.v:970]
INFO: [Synth 8-6157] synthesizing module 's00_couplers_imp_13AR556' [D:/sine/Desktop/IC/Preliminary/Cortex_M3_SoC/Project/cm3_Soc.srcs/sources_1/bd/cm3_core/synth/cm3_core.v:1102]
INFO: [Synth 8-6157] synthesizing module 'cm3_core_auto_pc_0' [D:/sine/Desktop/IC/Preliminary/Cortex_M3_SoC/Project/cm3_Soc.runs/synth_3/.Xil/Vivado-16136-LAPTOP-7PHG5772/realtime/cm3_core_auto_pc_0_stub.v:6]
INFO: [Synth 8-6155] done synthesizing module 'cm3_core_auto_pc_0' (5#1) [D:/sine/Desktop/IC/Preliminary/Cortex_M3_SoC/Project/cm3_Soc.runs/synth_3/.Xil/Vivado-16136-LAPTOP-7PHG5772/realtime/cm3_core_auto_pc_0_stub.v:6]
INFO: [Synth 8-6155] done synthesizing module 's00_couplers_imp_13AR556' (6#1) [D:/sine/Desktop/IC/Preliminary/Cortex_M3_SoC/Project/cm3_Soc.srcs/sources_1/bd/cm3_core/synth/cm3_core.v:1102]
INFO: [Synth 8-6157] synthesizing module 'cm3_core_xbar_0' [D:/sine/Desktop/IC/Preliminary/Cortex_M3_SoC/Project/cm3_Soc.runs/synth_3/.Xil/Vivado-16136-LAPTOP-7PHG5772/realtime/cm3_core_xbar_0_stub.v:6]
INFO: [Synth 8-6155] done synthesizing module 'cm3_core_xbar_0' (7#1) [D:/sine/Desktop/IC/Preliminary/Cortex_M3_SoC/Project/cm3_Soc.runs/synth_3/.Xil/Vivado-16136-LAPTOP-7PHG5772/realtime/cm3_core_xbar_0_stub.v:6]
WARNING: [Synth 8-350] instance 'xbar' of module 'cm3_core_xbar_0' requires 40 connections, but only 38 given [D:/sine/Desktop/IC/Preliminary/Cortex_M3_SoC/Project/cm3_Soc.srcs/sources_1/bd/cm3_core/synth/cm3_core.v:797]
INFO: [Synth 8-6155] done synthesizing module 'cm3_core_axi_interconnect_0_0' (8#1) [D:/sine/Desktop/IC/Preliminary/Cortex_M3_SoC/Project/cm3_Soc.srcs/sources_1/bd/cm3_core/synth/cm3_core.v:328]
INFO: [Synth 8-6157] synthesizing module 'cm3_core_axi_uartlite_0_0' [D:/sine/Desktop/IC/Preliminary/Cortex_M3_SoC/Project/cm3_Soc.runs/synth_3/.Xil/Vivado-16136-LAPTOP-7PHG5772/realtime/cm3_core_axi_uartlite_0_0_stub.v:6]
INFO: [Synth 8-6155] done synthesizing module 'cm3_core_axi_uartlite_0_0' (9#1) [D:/sine/Desktop/IC/Preliminary/Cortex_M3_SoC/Project/cm3_Soc.runs/synth_3/.Xil/Vivado-16136-LAPTOP-7PHG5772/realtime/cm3_core_axi_uartlite_0_0_stub.v:6]
WARNING: [Synth 8-350] instance 'axi_uartlite_0' of module 'cm3_core_axi_uartlite_0_0' requires 22 connections, but only 21 given [D:/sine/Desktop/IC/Preliminary/Cortex_M3_SoC/Project/cm3_Soc.srcs/sources_1/bd/cm3_core/synth/cm3_core.v:276]
INFO: [Synth 8-6157] synthesizing module 'cm3_core_port_swdio_1_0' [D:/sine/Desktop/IC/Preliminary/Cortex_M3_SoC/Project/cm3_Soc.runs/synth_3/.Xil/Vivado-16136-LAPTOP-7PHG5772/realtime/cm3_core_port_swdio_1_0_stub.v:6]
INFO: [Synth 8-6155] done synthesizing module 'cm3_core_port_swdio_1_0' (10#1) [D:/sine/Desktop/IC/Preliminary/Cortex_M3_SoC/Project/cm3_Soc.runs/synth_3/.Xil/Vivado-16136-LAPTOP-7PHG5772/realtime/cm3_core_port_swdio_1_0_stub.v:6]
INFO: [Synth 8-6157] synthesizing module 'cm3_core_proc_sys_reset_0_0' [D:/sine/Desktop/IC/Preliminary/Cortex_M3_SoC/Project/cm3_Soc.runs/synth_3/.Xil/Vivado-16136-LAPTOP-7PHG5772/realtime/cm3_core_proc_sys_reset_0_0_stub.v:6]
INFO: [Synth 8-6155] done synthesizing module 'cm3_core_proc_sys_reset_0_0' (11#1) [D:/sine/Desktop/IC/Preliminary/Cortex_M3_SoC/Project/cm3_Soc.runs/synth_3/.Xil/Vivado-16136-LAPTOP-7PHG5772/realtime/cm3_core_proc_sys_reset_0_0_stub.v:6]
WARNING: [Synth 8-350] instance 'proc_sys_reset_0' of module 'cm3_core_proc_sys_reset_0_0' requires 10 connections, but only 8 given [D:/sine/Desktop/IC/Preliminary/Cortex_M3_SoC/Project/cm3_Soc.srcs/sources_1/bd/cm3_core/synth/cm3_core.v:303]
INFO: [Synth 8-6157] synthesizing module 'cm3_core_util_vector_logic_0_0' [D:/sine/Desktop/IC/Preliminary/Cortex_M3_SoC/Project/cm3_Soc.runs/synth_3/.Xil/Vivado-16136-LAPTOP-7PHG5772/realtime/cm3_core_util_vector_logic_0_0_stub.v:6]
INFO: [Synth 8-6155] done synthesizing module 'cm3_core_util_vector_logic_0_0' (12#1) [D:/sine/Desktop/IC/Preliminary/Cortex_M3_SoC/Project/cm3_Soc.runs/synth_3/.Xil/Vivado-16136-LAPTOP-7PHG5772/realtime/cm3_core_util_vector_logic_0_0_stub.v:6]
INFO: [Synth 8-6157] synthesizing module 'cm3_core_util_vector_logic_1_0' [D:/sine/Desktop/IC/Preliminary/Cortex_M3_SoC/Project/cm3_Soc.runs/synth_3/.Xil/Vivado-16136-LAPTOP-7PHG5772/realtime/cm3_core_util_vector_logic_1_0_stub.v:6]
INFO: [Synth 8-6155] done synthesizing module 'cm3_core_util_vector_logic_1_0' (13#1) [D:/sine/Desktop/IC/Preliminary/Cortex_M3_SoC/Project/cm3_Soc.runs/synth_3/.Xil/Vivado-16136-LAPTOP-7PHG5772/realtime/cm3_core_util_vector_logic_1_0_stub.v:6]
INFO: [Synth 8-6157] synthesizing module 'cm3_core_xlconstant_0_0' [d:/sine/Desktop/IC/Preliminary/Cortex_M3_SoC/Project/cm3_Soc.srcs/sources_1/bd/cm3_core/ip/cm3_core_xlconstant_0_0/synth/cm3_core_xlconstant_0_0.v:57]
INFO: [Synth 8-6157] synthesizing module 'xlconstant_v1_1_5_xlconstant' [d:/sine/Desktop/IC/Preliminary/Cortex_M3_SoC/Project/cm3_Soc.srcs/sources_1/bd/cm3_core/ipshared/4649/hdl/xlconstant_v1_1_vl_rfs.v:23]
	Parameter CONST_VAL bound to: 1 - type: integer 
	Parameter CONST_WIDTH bound to: 1 - type: integer 
INFO: [Synth 8-6155] done synthesizing module 'xlconstant_v1_1_5_xlconstant' (14#1) [d:/sine/Desktop/IC/Preliminary/Cortex_M3_SoC/Project/cm3_Soc.srcs/sources_1/bd/cm3_core/ipshared/4649/hdl/xlconstant_v1_1_vl_rfs.v:23]
INFO: [Synth 8-6155] done synthesizing module 'cm3_core_xlconstant_0_0' (15#1) [d:/sine/Desktop/IC/Preliminary/Cortex_M3_SoC/Project/cm3_Soc.srcs/sources_1/bd/cm3_core/ip/cm3_core_xlconstant_0_0/synth/cm3_core_xlconstant_0_0.v:57]
INFO: [Synth 8-6157] synthesizing module 'cm3_core_xlconstant_1_1' [d:/sine/Desktop/IC/Preliminary/Cortex_M3_SoC/Project/cm3_Soc.srcs/sources_1/bd/cm3_core/ip/cm3_core_xlconstant_1_1/synth/cm3_core_xlconstant_1_1.v:57]
INFO: [Synth 8-6157] synthesizing module 'xlconstant_v1_1_5_xlconstant__parameterized0' [d:/sine/Desktop/IC/Preliminary/Cortex_M3_SoC/Project/cm3_Soc.srcs/sources_1/bd/cm3_core/ipshared/4649/hdl/xlconstant_v1_1_vl_rfs.v:23]
	Parameter CONST_VAL bound to: 0 - type: integer 
	Parameter CONST_WIDTH bound to: 1 - type: integer 
INFO: [Synth 8-6155] done synthesizing module 'xlconstant_v1_1_5_xlconstant__parameterized0' (15#1) [d:/sine/Desktop/IC/Preliminary/Cortex_M3_SoC/Project/cm3_Soc.srcs/sources_1/bd/cm3_core/ipshared/4649/hdl/xlconstant_v1_1_vl_rfs.v:23]
INFO: [Synth 8-6155] done synthesizing module 'cm3_core_xlconstant_1_1' (16#1) [d:/sine/Desktop/IC/Preliminary/Cortex_M3_SoC/Project/cm3_Soc.srcs/sources_1/bd/cm3_core/ip/cm3_core_xlconstant_1_1/synth/cm3_core_xlconstant_1_1.v:57]
INFO: [Synth 8-6157] synthesizing module 'cm3_core_xlconstant_2_0' [d:/sine/Desktop/IC/Preliminary/Cortex_M3_SoC/Project/cm3_Soc.srcs/sources_1/bd/cm3_core/ip/cm3_core_xlconstant_2_0/synth/cm3_core_xlconstant_2_0.v:57]
INFO: [Synth 8-6157] synthesizing module 'xlconstant_v1_1_5_xlconstant__parameterized1' [d:/sine/Desktop/IC/Preliminary/Cortex_M3_SoC/Project/cm3_Soc.srcs/sources_1/bd/cm3_core/ipshared/4649/hdl/xlconstant_v1_1_vl_rfs.v:23]
	Parameter CONST_VAL bound to: 1 - type: integer 
	Parameter CONST_WIDTH bound to: 2 - type: integer 
INFO: [Synth 8-6155] done synthesizing module 'xlconstant_v1_1_5_xlconstant__parameterized1' (16#1) [d:/sine/Desktop/IC/Preliminary/Cortex_M3_SoC/Project/cm3_Soc.srcs/sources_1/bd/cm3_core/ipshared/4649/hdl/xlconstant_v1_1_vl_rfs.v:23]
INFO: [Synth 8-6155] done synthesizing module 'cm3_core_xlconstant_2_0' (17#1) [d:/sine/Desktop/IC/Preliminary/Cortex_M3_SoC/Project/cm3_Soc.srcs/sources_1/bd/cm3_core/ip/cm3_core_xlconstant_2_0/synth/cm3_core_xlconstant_2_0.v:57]
INFO: [Synth 8-6157] synthesizing module 'cm3_core_xlconstant_3_0' [d:/sine/Desktop/IC/Preliminary/Cortex_M3_SoC/Project/cm3_Soc.srcs/sources_1/bd/cm3_core/ip/cm3_core_xlconstant_3_0/synth/cm3_core_xlconstant_3_0.v:57]
INFO: [Synth 8-6155] done synthesizing module 'cm3_core_xlconstant_3_0' (18#1) [d:/sine/Desktop/IC/Preliminary/Cortex_M3_SoC/Project/cm3_Soc.srcs/sources_1/bd/cm3_core/ip/cm3_core_xlconstant_3_0/synth/cm3_core_xlconstant_3_0.v:57]
INFO: [Synth 8-6155] done synthesizing module 'cm3_core' (19#1) [D:/sine/Desktop/IC/Preliminary/Cortex_M3_SoC/Project/cm3_Soc.srcs/sources_1/bd/cm3_core/synth/cm3_core.v:13]
INFO: [Synth 8-6155] done synthesizing module 'cm3_core_wrapper' (20#1) [D:/sine/Desktop/IC/Preliminary/Cortex_M3_SoC/Project/cm3_Soc.srcs/sources_1/bd/cm3_core/hdl/cm3_core_wrapper.v:12]
WARNING: [Synth 8-3331] design s00_couplers_imp_13AR556 has unconnected port M_ACLK
WARNING: [Synth 8-3331] design s00_couplers_imp_13AR556 has unconnected port M_ARESETN
WARNING: [Synth 8-3331] design m01_couplers_imp_178BK2X has unconnected port M_ACLK
WARNING: [Synth 8-3331] design m01_couplers_imp_178BK2X has unconnected port M_ARESETN
WARNING: [Synth 8-3331] design m01_couplers_imp_178BK2X has unconnected port S_ACLK
WARNING: [Synth 8-3331] design m01_couplers_imp_178BK2X has unconnected port S_ARESETN
WARNING: [Synth 8-3331] design m00_couplers_imp_WCSOSO has unconnected port M_ACLK
WARNING: [Synth 8-3331] design m00_couplers_imp_WCSOSO has unconnected port M_ARESETN
WARNING: [Synth 8-3331] design m00_couplers_imp_WCSOSO has unconnected port S_ACLK
WARNING: [Synth 8-3331] design m00_couplers_imp_WCSOSO has unconnected port S_ARESETN
WARNING: [Synth 8-3331] design cm3_core_axi_interconnect_0_0 has unconnected port M00_ACLK
WARNING: [Synth 8-3331] design cm3_core_axi_interconnect_0_0 has unconnected port M00_ARESETN
WARNING: [Synth 8-3331] design cm3_core_axi_interconnect_0_0 has unconnected port M01_ACLK
WARNING: [Synth 8-3331] design cm3_core_axi_interconnect_0_0 has unconnected port M01_ARESETN
WARNING: [Synth 8-3331] design cm3_core_axi_interconnect_0_0 has unconnected port S00_ACLK
WARNING: [Synth 8-3331] design cm3_core_axi_interconnect_0_0 has unconnected port S00_ARESETN
---------------------------------------------------------------------------------
Finished RTL Elaboration : Time (s): cpu = 00:00:02 ; elapsed = 00:00:02 . Memory (MB): peak = 533.371 ; gain = 159.945
---------------------------------------------------------------------------------

Report Check Netlist: 
+------+------------------+-------+---------+-------+------------------+
|      |Item              |Errors |Warnings |Status |Description       |
+------+------------------+-------+---------+-------+------------------+
|1     |multi_driven_nets |      0|        0|Passed |Multi driven nets |
+------+------------------+-------+---------+-------+------------------+
---------------------------------------------------------------------------------
Start Handling Custom Attributes
---------------------------------------------------------------------------------
---------------------------------------------------------------------------------
Finished Handling Custom Attributes : Time (s): cpu = 00:00:02 ; elapsed = 00:00:02 . Memory (MB): peak = 533.371 ; gain = 159.945
---------------------------------------------------------------------------------
---------------------------------------------------------------------------------
Finished RTL Optimization Phase 1 : Time (s): cpu = 00:00:02 ; elapsed = 00:00:02 . Memory (MB): peak = 533.371 ; gain = 159.945
---------------------------------------------------------------------------------
INFO: [Device 21-403] Loading part xc7z010clg400-1
INFO: [Project 1-570] Preparing netlist for logic optimization

Processing XDC Constraints
Initializing timing engine
Parsing XDC File [d:/sine/Desktop/IC/Preliminary/Cortex_M3_SoC/Project/cm3_Soc.srcs/sources_1/bd/cm3_core/ip/cm3_core_CORTEXM3_AXI_0_0/cm3_core_CORTEXM3_AXI_0_0/cm3_core_CORTEXM3_AXI_0_0_in_context.xdc] for cell 'cm3_core_i/CORTEXM3_AXI_0'
Finished Parsing XDC File [d:/sine/Desktop/IC/Preliminary/Cortex_M3_SoC/Project/cm3_Soc.srcs/sources_1/bd/cm3_core/ip/cm3_core_CORTEXM3_AXI_0_0/cm3_core_CORTEXM3_AXI_0_0/cm3_core_CORTEXM3_AXI_0_0_in_context.xdc] for cell 'cm3_core_i/CORTEXM3_AXI_0'
Parsing XDC File [d:/sine/Desktop/IC/Preliminary/Cortex_M3_SoC/Project/cm3_Soc.srcs/sources_1/bd/cm3_core/ip/cm3_core_util_vector_logic_0_0/cm3_core_util_vector_logic_0_0/cm3_core_util_vector_logic_0_0_in_context.xdc] for cell 'cm3_core_i/util_vector_logic_0'
Finished Parsing XDC File [d:/sine/Desktop/IC/Preliminary/Cortex_M3_SoC/Project/cm3_Soc.srcs/sources_1/bd/cm3_core/ip/cm3_core_util_vector_logic_0_0/cm3_core_util_vector_logic_0_0/cm3_core_util_vector_logic_0_0_in_context.xdc] for cell 'cm3_core_i/util_vector_logic_0'
Parsing XDC File [d:/sine/Desktop/IC/Preliminary/Cortex_M3_SoC/Project/cm3_Soc.srcs/sources_1/bd/cm3_core/ip/cm3_core_xbar_0/cm3_core_xbar_0/cm3_core_xbar_0_in_context.xdc] for cell 'cm3_core_i/axi_interconnect_0/xbar'
Finished Parsing XDC File [d:/sine/Desktop/IC/Preliminary/Cortex_M3_SoC/Project/cm3_Soc.srcs/sources_1/bd/cm3_core/ip/cm3_core_xbar_0/cm3_core_xbar_0/cm3_core_xbar_0_in_context.xdc] for cell 'cm3_core_i/axi_interconnect_0/xbar'
Parsing XDC File [d:/sine/Desktop/IC/Preliminary/Cortex_M3_SoC/Project/cm3_Soc.srcs/sources_1/bd/cm3_core/ip/cm3_core_proc_sys_reset_0_0/cm3_core_proc_sys_reset_0_0/cm3_core_proc_sys_reset_0_0_in_context.xdc] for cell 'cm3_core_i/proc_sys_reset_0'
Finished Parsing XDC File [d:/sine/Desktop/IC/Preliminary/Cortex_M3_SoC/Project/cm3_Soc.srcs/sources_1/bd/cm3_core/ip/cm3_core_proc_sys_reset_0_0/cm3_core_proc_sys_reset_0_0/cm3_core_proc_sys_reset_0_0_in_context.xdc] for cell 'cm3_core_i/proc_sys_reset_0'
Parsing XDC File [d:/sine/Desktop/IC/Preliminary/Cortex_M3_SoC/Project/cm3_Soc.srcs/sources_1/bd/cm3_core/ip/cm3_core_axi_gpio_0_0/cm3_core_axi_gpio_0_0/cm3_core_axi_gpio_0_0_in_context.xdc] for cell 'cm3_core_i/axi_gpio_0'
Finished Parsing XDC File [d:/sine/Desktop/IC/Preliminary/Cortex_M3_SoC/Project/cm3_Soc.srcs/sources_1/bd/cm3_core/ip/cm3_core_axi_gpio_0_0/cm3_core_axi_gpio_0_0/cm3_core_axi_gpio_0_0_in_context.xdc] for cell 'cm3_core_i/axi_gpio_0'
Parsing XDC File [d:/sine/Desktop/IC/Preliminary/Cortex_M3_SoC/Project/cm3_Soc.srcs/sources_1/bd/cm3_core/ip/cm3_core_axi_uartlite_0_0/cm3_core_axi_uartlite_0_0/cm3_core_axi_uartlite_0_0_in_context.xdc] for cell 'cm3_core_i/axi_uartlite_0'
Finished Parsing XDC File [d:/sine/Desktop/IC/Preliminary/Cortex_M3_SoC/Project/cm3_Soc.srcs/sources_1/bd/cm3_core/ip/cm3_core_axi_uartlite_0_0/cm3_core_axi_uartlite_0_0/cm3_core_axi_uartlite_0_0_in_context.xdc] for cell 'cm3_core_i/axi_uartlite_0'
Parsing XDC File [d:/sine/Desktop/IC/Preliminary/Cortex_M3_SoC/Project/cm3_Soc.srcs/sources_1/bd/cm3_core/ip/cm3_core_util_vector_logic_1_0/cm3_core_util_vector_logic_1_0/cm3_core_util_vector_logic_0_0_in_context.xdc] for cell 'cm3_core_i/util_vector_logic_1'
Finished Parsing XDC File [d:/sine/Desktop/IC/Preliminary/Cortex_M3_SoC/Project/cm3_Soc.srcs/sources_1/bd/cm3_core/ip/cm3_core_util_vector_logic_1_0/cm3_core_util_vector_logic_1_0/cm3_core_util_vector_logic_0_0_in_context.xdc] for cell 'cm3_core_i/util_vector_logic_1'
Parsing XDC File [d:/sine/Desktop/IC/Preliminary/Cortex_M3_SoC/Project/cm3_Soc.srcs/sources_1/bd/cm3_core/ip/cm3_core_port_swdio_1_0/cm3_core_port_swdio_1_0/cm3_core_port_swdio_1_0_in_context.xdc] for cell 'cm3_core_i/port_swdio_1'
Finished Parsing XDC File [d:/sine/Desktop/IC/Preliminary/Cortex_M3_SoC/Project/cm3_Soc.srcs/sources_1/bd/cm3_core/ip/cm3_core_port_swdio_1_0/cm3_core_port_swdio_1_0/cm3_core_port_swdio_1_0_in_context.xdc] for cell 'cm3_core_i/port_swdio_1'
Parsing XDC File [d:/sine/Desktop/IC/Preliminary/Cortex_M3_SoC/Project/cm3_Soc.srcs/sources_1/bd/cm3_core/ip/cm3_core_auto_pc_0/cm3_core_auto_pc_0/cm3_core_auto_pc_0_in_context.xdc] for cell 'cm3_core_i/axi_interconnect_0/s00_couplers/auto_pc'
Finished Parsing XDC File [d:/sine/Desktop/IC/Preliminary/Cortex_M3_SoC/Project/cm3_Soc.srcs/sources_1/bd/cm3_core/ip/cm3_core_auto_pc_0/cm3_core_auto_pc_0/cm3_core_auto_pc_0_in_context.xdc] for cell 'cm3_core_i/axi_interconnect_0/s00_couplers/auto_pc'
Parsing XDC File [D:/sine/Desktop/IC/Preliminary/Cortex_M3_SoC/Project/cm3_Soc.srcs/constrs_1/new/cm3_demo.xdc]
Finished Parsing XDC File [D:/sine/Desktop/IC/Preliminary/Cortex_M3_SoC/Project/cm3_Soc.srcs/constrs_1/new/cm3_demo.xdc]
INFO: [Project 1-236] Implementation specific constraints were found while reading constraint file [D:/sine/Desktop/IC/Preliminary/Cortex_M3_SoC/Project/cm3_Soc.srcs/constrs_1/new/cm3_demo.xdc]. These constraints will be ignored for synthesis but will be used in implementation. Impacted constraints are listed in the file [.Xil/cm3_core_wrapper_propImpl.xdc].
Resolution: To avoid this warning, move constraints listed in [.Xil/cm3_core_wrapper_propImpl.xdc] to another XDC file and exclude this new file from synthesis with the used_in_synthesis property (File Properties dialog in GUI) and re-run elaboration/synthesis.
Parsing XDC File [D:/sine/Desktop/IC/Preliminary/Cortex_M3_SoC/Project/cm3_Soc.runs/synth_3/dont_touch.xdc]
Finished Parsing XDC File [D:/sine/Desktop/IC/Preliminary/Cortex_M3_SoC/Project/cm3_Soc.runs/synth_3/dont_touch.xdc]
Netlist sorting complete. Time (s): cpu = 00:00:00 ; elapsed = 00:00:00 . Memory (MB): peak = 815.922 ; gain = 0.000
Completed Processing XDC Constraints

Netlist sorting complete. Time (s): cpu = 00:00:00 ; elapsed = 00:00:00 . Memory (MB): peak = 815.930 ; gain = 0.000
INFO: [Project 1-111] Unisim Transformation Summary:
No Unisim elements were transformed.

Netlist sorting complete. Time (s): cpu = 00:00:00 ; elapsed = 00:00:00 . Memory (MB): peak = 815.930 ; gain = 0.000
Constraint Validation Runtime : Time (s): cpu = 00:00:00 ; elapsed = 00:00:00.004 . Memory (MB): peak = 815.930 ; gain = 0.000
---------------------------------------------------------------------------------
Finished Constraint Validation : Time (s): cpu = 00:00:07 ; elapsed = 00:00:08 . Memory (MB): peak = 815.930 ; gain = 442.504
---------------------------------------------------------------------------------
---------------------------------------------------------------------------------
Start Loading Part and Timing Information
---------------------------------------------------------------------------------
Loading part: xc7z010clg400-1
---------------------------------------------------------------------------------
Finished Loading Part and Timing Information : Time (s): cpu = 00:00:07 ; elapsed = 00:00:08 . Memory (MB): peak = 815.930 ; gain = 442.504
---------------------------------------------------------------------------------
---------------------------------------------------------------------------------
Start Applying 'set_property' XDC Constraints
---------------------------------------------------------------------------------
Applied set_property IO_BUFFER_TYPE = NONE for SWDIO. (constraint file  d:/sine/Desktop/IC/Preliminary/Cortex_M3_SoC/Project/cm3_Soc.srcs/sources_1/bd/cm3_core/ip/cm3_core_port_swdio_1_0/cm3_core_port_swdio_1_0/cm3_core_port_swdio_1_0_in_context.xdc, line 3).
Applied set_property CLOCK_BUFFER_TYPE = NONE for SWDIO. (constraint file  d:/sine/Desktop/IC/Preliminary/Cortex_M3_SoC/Project/cm3_Soc.srcs/sources_1/bd/cm3_core/ip/cm3_core_port_swdio_1_0/cm3_core_port_swdio_1_0/cm3_core_port_swdio_1_0_in_context.xdc, line 4).
Applied set_property DONT_TOUCH = true for cm3_core_i. (constraint file  auto generated constraint, line ).
Applied set_property DONT_TOUCH = true for cm3_core_i/CORTEXM3_AXI_0. (constraint file  auto generated constraint, line ).
Applied set_property DONT_TOUCH = true for cm3_core_i/util_vector_logic_0. (constraint file  auto generated constraint, line ).
Applied set_property DONT_TOUCH = true for cm3_core_i/axi_interconnect_0/xbar. (constraint file  auto generated constraint, line ).
Applied set_property DONT_TOUCH = true for cm3_core_i/axi_interconnect_0. (constraint file  auto generated constraint, line ).
Applied set_property DONT_TOUCH = true for cm3_core_i/proc_sys_reset_0. (constraint file  auto generated constraint, line ).
Applied set_property DONT_TOUCH = true for cm3_core_i/xlconstant_0. (constraint file  auto generated constraint, line ).
Applied set_property DONT_TOUCH = true for cm3_core_i/xlconstant_2. (constraint file  auto generated constraint, line ).
Applied set_property DONT_TOUCH = true for cm3_core_i/xlconstant_1. (constraint file  auto generated constraint, line ).
Applied set_property DONT_TOUCH = true for cm3_core_i/axi_gpio_0. (constraint file  auto generated constraint, line ).
Applied set_property DONT_TOUCH = true for cm3_core_i/axi_uartlite_0. (constraint file  auto generated constraint, line ).
Applied set_property DONT_TOUCH = true for cm3_core_i/xlconstant_3. (constraint file  auto generated constraint, line ).
Applied set_property DONT_TOUCH = true for cm3_core_i/util_vector_logic_1. (constraint file  auto generated constraint, line ).
Applied set_property DONT_TOUCH = true for cm3_core_i/port_swdio_1. (constraint file  auto generated constraint, line ).
Applied set_property DONT_TOUCH = true for cm3_core_i/axi_interconnect_0/s00_couplers/auto_pc. (constraint file  auto generated constraint, line ).
---------------------------------------------------------------------------------
Finished applying 'set_property' XDC Constraints : Time (s): cpu = 00:00:07 ; elapsed = 00:00:08 . Memory (MB): peak = 815.930 ; gain = 442.504
---------------------------------------------------------------------------------
---------------------------------------------------------------------------------
Finished RTL Optimization Phase 2 : Time (s): cpu = 00:00:08 ; elapsed = 00:00:08 . Memory (MB): peak = 815.930 ; gain = 442.504
---------------------------------------------------------------------------------

Report RTL Partitions: 
+-+--------------+------------+----------+
| |RTL Partition |Replication |Instances |
+-+--------------+------------+----------+
+-+--------------+------------+----------+
---------------------------------------------------------------------------------
Start RTL Component Statistics 
---------------------------------------------------------------------------------
Detailed RTL Component Info : 
---------------------------------------------------------------------------------
Finished RTL Component Statistics 
---------------------------------------------------------------------------------
---------------------------------------------------------------------------------
Start RTL Hierarchical Component Statistics 
---------------------------------------------------------------------------------
Hierarchical RTL Component report 
---------------------------------------------------------------------------------
Finished RTL Hierarchical Component Statistics
---------------------------------------------------------------------------------
---------------------------------------------------------------------------------
Start Part Resource Summary
---------------------------------------------------------------------------------
Part Resources:
DSPs: 80 (col length:40)
BRAMs: 120 (col length: RAMB18 40 RAMB36 20)
---------------------------------------------------------------------------------
Finished Part Resource Summary
---------------------------------------------------------------------------------
---------------------------------------------------------------------------------
Start Cross Boundary and Area Optimization
---------------------------------------------------------------------------------
Warning: Parallel synthesis criteria is not met 
WARNING: [Synth 8-3331] design cm3_core_axi_interconnect_0_0 has unconnected port M00_ACLK
WARNING: [Synth 8-3331] design cm3_core_axi_interconnect_0_0 has unconnected port M00_ARESETN
WARNING: [Synth 8-3331] design cm3_core_axi_interconnect_0_0 has unconnected port M01_ACLK
WARNING: [Synth 8-3331] design cm3_core_axi_interconnect_0_0 has unconnected port M01_ARESETN
WARNING: [Synth 8-3331] design cm3_core_axi_interconnect_0_0 has unconnected port S00_ACLK
WARNING: [Synth 8-3331] design cm3_core_axi_interconnect_0_0 has unconnected port S00_ARESETN
---------------------------------------------------------------------------------
Finished Cross Boundary and Area Optimization : Time (s): cpu = 00:00:08 ; elapsed = 00:00:09 . Memory (MB): peak = 815.930 ; gain = 442.504
---------------------------------------------------------------------------------

Report RTL Partitions: 
+-+--------------+------------+----------+
| |RTL Partition |Replication |Instances |
+-+--------------+------------+----------+
+-+--------------+------------+----------+
---------------------------------------------------------------------------------
Start Applying XDC Timing Constraints
---------------------------------------------------------------------------------
---------------------------------------------------------------------------------
Finished Applying XDC Timing Constraints : Time (s): cpu = 00:00:13 ; elapsed = 00:00:14 . Memory (MB): peak = 853.164 ; gain = 479.738
---------------------------------------------------------------------------------
---------------------------------------------------------------------------------
Start Timing Optimization
---------------------------------------------------------------------------------
---------------------------------------------------------------------------------
Finished Timing Optimization : Time (s): cpu = 00:00:13 ; elapsed = 00:00:14 . Memory (MB): peak = 853.238 ; gain = 479.812
---------------------------------------------------------------------------------

Report RTL Partitions: 
+-+--------------+------------+----------+
| |RTL Partition |Replication |Instances |
+-+--------------+------------+----------+
+-+--------------+------------+----------+
---------------------------------------------------------------------------------
Start Technology Mapping
---------------------------------------------------------------------------------
---------------------------------------------------------------------------------
Finished Technology Mapping : Time (s): cpu = 00:00:13 ; elapsed = 00:00:14 . Memory (MB): peak = 863.262 ; gain = 489.836
---------------------------------------------------------------------------------

Report RTL Partitions: 
+-+--------------+------------+----------+
| |RTL Partition |Replication |Instances |
+-+--------------+------------+----------+
+-+--------------+------------+----------+
---------------------------------------------------------------------------------
Start IO Insertion
---------------------------------------------------------------------------------
---------------------------------------------------------------------------------
Start Flattening Before IO Insertion
---------------------------------------------------------------------------------
---------------------------------------------------------------------------------
Finished Flattening Before IO Insertion
---------------------------------------------------------------------------------
---------------------------------------------------------------------------------
Start Final Netlist Cleanup
---------------------------------------------------------------------------------
---------------------------------------------------------------------------------
Finished Final Netlist Cleanup
---------------------------------------------------------------------------------
---------------------------------------------------------------------------------
Finished IO Insertion : Time (s): cpu = 00:00:14 ; elapsed = 00:00:14 . Memory (MB): peak = 863.262 ; gain = 489.836
---------------------------------------------------------------------------------

Report Check Netlist: 
+------+------------------+-------+---------+-------+------------------+
|      |Item              |Errors |Warnings |Status |Description       |
+------+------------------+-------+---------+-------+------------------+
|1     |multi_driven_nets |      0|        0|Passed |Multi driven nets |
+------+------------------+-------+---------+-------+------------------+
---------------------------------------------------------------------------------
Start Renaming Generated Instances
---------------------------------------------------------------------------------
---------------------------------------------------------------------------------
Finished Renaming Generated Instances : Time (s): cpu = 00:00:14 ; elapsed = 00:00:14 . Memory (MB): peak = 863.262 ; gain = 489.836
---------------------------------------------------------------------------------

Report RTL Partitions: 
+-+--------------+------------+----------+
| |RTL Partition |Replication |Instances |
+-+--------------+------------+----------+
+-+--------------+------------+----------+
---------------------------------------------------------------------------------
Start Rebuilding User Hierarchy
---------------------------------------------------------------------------------
---------------------------------------------------------------------------------
Finished Rebuilding User Hierarchy : Time (s): cpu = 00:00:14 ; elapsed = 00:00:14 . Memory (MB): peak = 863.262 ; gain = 489.836
---------------------------------------------------------------------------------
---------------------------------------------------------------------------------
Start Renaming Generated Ports
---------------------------------------------------------------------------------
---------------------------------------------------------------------------------
Finished Renaming Generated Ports : Time (s): cpu = 00:00:14 ; elapsed = 00:00:14 . Memory (MB): peak = 863.262 ; gain = 489.836
---------------------------------------------------------------------------------
---------------------------------------------------------------------------------
Start Handling Custom Attributes
---------------------------------------------------------------------------------
---------------------------------------------------------------------------------
Finished Handling Custom Attributes : Time (s): cpu = 00:00:14 ; elapsed = 00:00:14 . Memory (MB): peak = 863.262 ; gain = 489.836
---------------------------------------------------------------------------------
---------------------------------------------------------------------------------
Start Renaming Generated Nets
---------------------------------------------------------------------------------
---------------------------------------------------------------------------------
Finished Renaming Generated Nets : Time (s): cpu = 00:00:14 ; elapsed = 00:00:14 . Memory (MB): peak = 863.262 ; gain = 489.836
---------------------------------------------------------------------------------
---------------------------------------------------------------------------------
Start Writing Synthesis Report
---------------------------------------------------------------------------------

Report BlackBoxes: 
+------+-------------------------------+----------+
|      |BlackBox name                  |Instances |
+------+-------------------------------+----------+
|1     |cm3_core_xbar_0                |         1|
|2     |cm3_core_auto_pc_0             |         1|
|3     |cm3_core_CORTEXM3_AXI_0_0      |         1|
|4     |cm3_core_axi_gpio_0_0          |         1|
|5     |cm3_core_axi_uartlite_0_0      |         1|
|6     |cm3_core_port_swdio_1_0        |         1|
|7     |cm3_core_proc_sys_reset_0_0    |         1|
|8     |cm3_core_util_vector_logic_0_0 |         1|
|9     |cm3_core_util_vector_logic_1_0 |         1|
+------+-------------------------------+----------+

Report Cell Usage: 
+------+-------------------------------+------+
|      |Cell                           |Count |
+------+-------------------------------+------+
|1     |cm3_core_CORTEXM3_AXI_0_0      |     1|
|2     |cm3_core_auto_pc_0             |     1|
|3     |cm3_core_axi_gpio_0_0          |     1|
|4     |cm3_core_axi_uartlite_0_0      |     1|
|5     |cm3_core_port_swdio_1_0        |     1|
|6     |cm3_core_proc_sys_reset_0_0    |     1|
|7     |cm3_core_util_vector_logic_0_0 |     1|
|8     |cm3_core_util_vector_logic_1_0 |     1|
|9     |cm3_core_xbar_0                |     1|
|10    |IBUF                           |    12|
|11    |OBUF                           |     9|
+------+-------------------------------+------+

Report Instance Areas: 
+------+-----------------------+------------------------------+------+
|      |Instance               |Module                        |Cells |
+------+-----------------------+------------------------------+------+
|1     |top                    |                              |   833|
|2     |  cm3_core_i           |cm3_core                      |   812|
|3     |    axi_interconnect_0 |cm3_core_axi_interconnect_0_0 |   416|
|4     |      s00_couplers     |s00_couplers_imp_13AR556      |   153|
|5     |    xlconstant_0       |cm3_core_xlconstant_0_0       |     0|
|6     |    xlconstant_1       |cm3_core_xlconstant_1_1       |     0|
|7     |    xlconstant_2       |cm3_core_xlconstant_2_0       |     0|
|8     |    xlconstant_3       |cm3_core_xlconstant_3_0       |     0|
+------+-----------------------+------------------------------+------+
---------------------------------------------------------------------------------
Finished Writing Synthesis Report : Time (s): cpu = 00:00:14 ; elapsed = 00:00:14 . Memory (MB): peak = 863.262 ; gain = 489.836
---------------------------------------------------------------------------------
Synthesis finished with 0 errors, 0 critical warnings and 6 warnings.
Synthesis Optimization Runtime : Time (s): cpu = 00:00:08 ; elapsed = 00:00:10 . Memory (MB): peak = 863.262 ; gain = 207.277
Synthesis Optimization Complete : Time (s): cpu = 00:00:14 ; elapsed = 00:00:14 . Memory (MB): peak = 863.262 ; gain = 489.836
INFO: [Project 1-571] Translating synthesized netlist
INFO: [Project 1-570] Preparing netlist for logic optimization
INFO: [Opt 31-138] Pushed 0 inverter(s) to 0 load pin(s).
Netlist sorting complete. Time (s): cpu = 00:00:00 ; elapsed = 00:00:00 . Memory (MB): peak = 872.980 ; gain = 0.000
INFO: [Project 1-111] Unisim Transformation Summary:
No Unisim elements were transformed.

INFO: [Common 17-83] Releasing license: Synthesis
57 Infos, 26 Warnings, 0 Critical Warnings and 0 Errors encountered.
synth_design completed successfully
synth_design: Time (s): cpu = 00:00:15 ; elapsed = 00:00:16 . Memory (MB): peak = 872.980 ; gain = 506.551
Netlist sorting complete. Time (s): cpu = 00:00:00 ; elapsed = 00:00:00 . Memory (MB): peak = 872.980 ; gain = 0.000
WARNING: [Constraints 18-5210] No constraints selected for write.
Resolution: This message can indicate that there are no constraints for the design, or it can indicate that the used_in flags are set such that the constraints are ignored. This later case is used when running synth_design to not write synthesis constraints to the resulting checkpoint. Instead, project constraints are read when the synthesized design is opened.
INFO: [Common 17-1381] The checkpoint 'D:/sine/Desktop/IC/Preliminary/Cortex_M3_SoC/Project/cm3_Soc.runs/synth_3/cm3_core_wrapper.dcp' has been generated.
INFO: [runtcl-4] Executing : report_utilization -file cm3_core_wrapper_utilization_synth.rpt -pb cm3_core_wrapper_utilization_synth.pb
INFO: [Common 17-206] Exiting Vivado at Fri Feb 24 15:04:29 2023...
