Copyright 1986-2018 Xilinx, Inc. All Rights Reserved.
--------------------------------------------------------------------------------------------------------------------------------------------------------------------------------------
| Tool Version : Vivado v.2018.3 (win64) Build 2405991 Thu Dec  6 23:38:27 MST 2018
| Date         : Sun Feb 26 02:03:58 2023
| Host         : LAPTOP-7PHG5772 running 64-bit major release  (build 9200)
| Command      : report_methodology -file cm3_core_wrapper_methodology_drc_routed.rpt -pb cm3_core_wrapper_methodology_drc_routed.pb -rpx cm3_core_wrapper_methodology_drc_routed.rpx
| Design       : cm3_core_wrapper
| Device       : xc7z010clg400-1
| Speed File   : -1
| Design State : Fully Routed
--------------------------------------------------------------------------------------------------------------------------------------------------------------------------------------

Report Methodology

Table of Contents
-----------------
1. REPORT SUMMARY
2. REPORT DETAILS

1. REPORT SUMMARY
-----------------
            Netlist: netlist
          Floorplan: design_1
      Design limits: <entire design considered>
             Max violations: <unlimited>
             Violations found: 25
+-----------+----------+------------------------------------------------+------------+
| Rule      | Severity | Description                                    | Violations |
+-----------+----------+------------------------------------------------+------------+
| LUTAR-1   | Warning  | LUT drives async reset alert                   | 9          |
| TIMING-6  | Warning  | No common primary clock between related clocks | 2          |
| TIMING-7  | Warning  | No common node between related clocks          | 2          |
| TIMING-18 | Warning  | Missing input or output delay                  | 12         |
+-----------+----------+------------------------------------------------+------------+

2. REPORT DETAILS
-----------------
LUTAR-1#1 Warning
LUT drives async reset alert  
LUT cell cm3_core_i/CORTEXM3_AXI_0/inst/u_CORTEXM3INTEGRATION/uCORTEXM3/u_cm3_nvic/u_cm3_nvic_reg/FSM_onehot_state[13]_i_3, with 2 or more inputs, drives asynchronous preset/clear pin(s) cm3_core_i/CORTEXM3_AXI_0/inst/u_CORTEXM3INTEGRATION/uCORTEXM3/u_cm3_dpu/u_cm3_dpu_lsu/u_cm3_dpu_lsu_ahbintf/addr_adder_algn_ex_reg/CLR, cm3_core_i/CORTEXM3_AXI_0/inst/u_CORTEXM3INTEGRATION/uCORTEXM3/u_cm3_dpu/u_cm3_dpu_lsu/u_cm3_dpu_lsu_ahbintf/addr_adder_in1_ex_reg[23]/CLR, cm3_core_i/CORTEXM3_AXI_0/inst/u_CORTEXM3INTEGRATION/uCORTEXM3/u_cm3_dpu/u_cm3_dpu_lsu/u_cm3_dpu_lsu_ahbintf/addr_adder_in1_ex_reg[24]/CLR, cm3_core_i/CORTEXM3_AXI_0/inst/u_CORTEXM3INTEGRATION/uCORTEXM3/u_cm3_dpu/u_cm3_dpu_lsu/u_cm3_dpu_lsu_ahbintf/addr_adder_in1_ex_reg[25]/CLR, cm3_core_i/CORTEXM3_AXI_0/inst/u_CORTEXM3INTEGRATION/uCORTEXM3/u_cm3_dpu/u_cm3_dpu_lsu/u_cm3_dpu_lsu_ahbintf/addr_adder_in1_ex_reg[26]/CLR, cm3_core_i/CORTEXM3_AXI_0/inst/u_CORTEXM3INTEGRATION/uCORTEXM3/u_cm3_dpu/u_cm3_dpu_lsu/u_cm3_dpu_lsu_ahbintf/addr_adder_in1_ex_reg[27]/CLR, cm3_core_i/CORTEXM3_AXI_0/inst/u_CORTEXM3INTEGRATION/uCORTEXM3/u_cm3_dpu/u_cm3_dpu_lsu/u_cm3_dpu_lsu_ahbintf/addr_adder_in1_ex_reg[28]/CLR, cm3_core_i/CORTEXM3_AXI_0/inst/u_CORTEXM3INTEGRATION/uCORTEXM3/u_cm3_dpu/u_cm3_dpu_lsu/u_cm3_dpu_lsu_ahbintf/addr_adder_in1_ex_reg[29]/CLR, cm3_core_i/CORTEXM3_AXI_0/inst/u_CORTEXM3INTEGRATION/uCORTEXM3/u_cm3_dpu/u_cm3_dpu_lsu/u_cm3_dpu_lsu_ahbintf/addr_adder_in1_ex_reg[30]/CLR, cm3_core_i/CORTEXM3_AXI_0/inst/u_CORTEXM3INTEGRATION/uCORTEXM3/u_cm3_dpu/u_cm3_dpu_lsu/u_cm3_dpu_lsu_ahbintf/addr_adder_in1_ex_reg[31]/CLR, cm3_core_i/CORTEXM3_AXI_0/inst/u_CORTEXM3INTEGRATION/uCORTEXM3/u_cm3_dpu/u_cm3_dpu_lsu/u_cm3_dpu_lsu_ahbintf/addr_adder_in2_ex_reg[22]/CLR, cm3_core_i/CORTEXM3_AXI_0/inst/u_CORTEXM3INTEGRATION/uCORTEXM3/u_cm3_dpu/u_cm3_dpu_lsu/u_cm3_dpu_lsu_ahbintf/addr_adder_in2_ex_reg[23]/CLR, cm3_core_i/CORTEXM3_AXI_0/inst/u_CORTEXM3INTEGRATION/uCORTEXM3/u_cm3_dpu/u_cm3_dpu_lsu/u_cm3_dpu_lsu_ahbintf/addr_adder_in2_ex_reg[24]/CLR, cm3_core_i/CORTEXM3_AXI_0/inst/u_CORTEXM3INTEGRATION/uCORTEXM3/u_cm3_dpu/u_cm3_dpu_lsu/u_cm3_dpu_lsu_ahbintf/addr_adder_in2_ex_reg[25]/CLR, cm3_core_i/CORTEXM3_AXI_0/inst/u_CORTEXM3INTEGRATION/uCORTEXM3/u_cm3_dpu/u_cm3_dpu_lsu/u_cm3_dpu_lsu_ahbintf/addr_adder_in2_ex_reg[26]/CLR (the first 15 of 115 listed). The LUT may glitch and trigger an unexpected reset, even if it is a properly timed path.
Related violations: <none>

LUTAR-1#2 Warning
LUT drives async reset alert  
LUT cell cm3_core_i/CORTEXM3_AXI_0/inst/u_CORTEXM3INTEGRATION/uCORTEXM3/u_cm3_nvic/u_cm3_nvic_reg/FSM_onehot_state[4]_i_1, with 2 or more inputs, drives asynchronous preset/clear pin(s) cm3_core_i/CORTEXM3_AXI_0/inst/u_CORTEXM3INTEGRATION/uCORTEXM3/u_cm3_dpu/u_cm3_dpu_fetch/u_cm3_dpu_fetch_ctl/FSM_onehot_state_reg[0]/CLR, cm3_core_i/CORTEXM3_AXI_0/inst/u_CORTEXM3INTEGRATION/uCORTEXM3/u_cm3_dpu/u_cm3_dpu_fetch/u_cm3_dpu_fetch_ctl/FSM_onehot_state_reg[1]/CLR, cm3_core_i/CORTEXM3_AXI_0/inst/u_CORTEXM3INTEGRATION/uCORTEXM3/u_cm3_dpu/u_cm3_dpu_fetch/u_cm3_dpu_fetch_ctl/FSM_onehot_state_reg[2]/CLR, cm3_core_i/CORTEXM3_AXI_0/inst/u_CORTEXM3INTEGRATION/uCORTEXM3/u_cm3_dpu/u_cm3_dpu_fetch/u_cm3_dpu_fetch_ctl/FSM_onehot_state_reg[4]/CLR, cm3_core_i/CORTEXM3_AXI_0/inst/u_CORTEXM3INTEGRATION/uCORTEXM3/u_cm3_dpu/u_cm3_dpu_fetch/u_cm3_dpu_fetch_ahbintf/fe_address_reg[13]/CLR, cm3_core_i/CORTEXM3_AXI_0/inst/u_CORTEXM3INTEGRATION/uCORTEXM3/u_cm3_dpu/u_cm3_dpu_fetch/u_cm3_dpu_fetch_ahbintf/fe_address_reg[14]/CLR, cm3_core_i/CORTEXM3_AXI_0/inst/u_CORTEXM3INTEGRATION/uCORTEXM3/u_cm3_dpu/u_cm3_dpu_fetch/u_cm3_dpu_fetch_ahbintf/fe_address_reg[15]/CLR, cm3_core_i/CORTEXM3_AXI_0/inst/u_CORTEXM3INTEGRATION/uCORTEXM3/u_cm3_dpu/u_cm3_dpu_fetch/u_cm3_dpu_fetch_ahbintf/fe_address_reg[16]/CLR, cm3_core_i/CORTEXM3_AXI_0/inst/u_CORTEXM3INTEGRATION/uCORTEXM3/u_cm3_dpu/u_cm3_dpu_fetch/u_cm3_dpu_fetch_ahbintf/fe_address_reg[21]/CLR, cm3_core_i/CORTEXM3_AXI_0/inst/u_CORTEXM3INTEGRATION/uCORTEXM3/u_cm3_dpu/u_cm3_dpu_fetch/u_cm3_dpu_fetch_ahbintf/fe_address_reg[22]/CLR, cm3_core_i/CORTEXM3_AXI_0/inst/u_CORTEXM3INTEGRATION/uCORTEXM3/u_cm3_dpu/u_cm3_dpu_fetch/u_cm3_dpu_fetch_ahbintf/fe_address_reg[23]/CLR, cm3_core_i/CORTEXM3_AXI_0/inst/u_CORTEXM3INTEGRATION/uCORTEXM3/u_cm3_dpu/u_cm3_dpu_fetch/u_cm3_dpu_fetch_ahbintf/fe_address_reg[24]/CLR, cm3_core_i/CORTEXM3_AXI_0/inst/u_CORTEXM3INTEGRATION/uCORTEXM3/u_cm3_dpu/u_cm3_dpu_fetch/u_cm3_dpu_fetch_ahbintf/fe_address_reg[29]/CLR, cm3_core_i/CORTEXM3_AXI_0/inst/u_CORTEXM3INTEGRATION/uCORTEXM3/u_cm3_dpu/u_cm3_dpu_fetch/u_cm3_dpu_fetch_ahbintf/fe_address_reg[30]/CLR, cm3_core_i/CORTEXM3_AXI_0/inst/u_CORTEXM3INTEGRATION/uCORTEXM3/u_cm3_dpu/u_cm3_dpu_fetch/u_cm3_dpu_fetch_ahbintf/fe_address_reg[31]/CLR (the first 15 of 114 listed). The LUT may glitch and trigger an unexpected reset, even if it is a properly timed path.
Related violations: <none>

LUTAR-1#3 Warning
LUT drives async reset alert  
LUT cell cm3_core_i/CORTEXM3_AXI_0/inst/u_CORTEXM3INTEGRATION/uCORTEXM3/u_cm3_nvic/u_cm3_nvic_reg/airc_sysresetreq_i_3, with 2 or more inputs, drives asynchronous preset/clear pin(s) cm3_core_i/CORTEXM3_AXI_0/inst/u_CORTEXM3INTEGRATION/uCORTEXM3/u_cm3_dpu/u_cm3_dpu_etmintf/etm_ia_reg[1]/CLR, cm3_core_i/CORTEXM3_AXI_0/inst/u_CORTEXM3INTEGRATION/uCORTEXM3/u_cm3_dpu/u_cm3_dpu_etmintf/etm_ia_reg[2]/CLR, cm3_core_i/CORTEXM3_AXI_0/inst/u_CORTEXM3INTEGRATION/uCORTEXM3/u_cm3_nvic/u_cm3_nvic_reg/demc_mon_req_reg/CLR, cm3_core_i/CORTEXM3_AXI_0/inst/u_CORTEXM3INTEGRATION/uCORTEXM3/u_cm3_nvic/u_cm3_nvic_reg/mm_bf_far_reg[14]/CLR, cm3_core_i/CORTEXM3_AXI_0/inst/u_CORTEXM3INTEGRATION/uCORTEXM3/u_cm3_nvic/u_cm3_nvic_reg/mm_bf_far_reg[28]/CLR, cm3_core_i/CORTEXM3_AXI_0/inst/u_CORTEXM3INTEGRATION/uCORTEXM3/u_cm3_nvic/u_cm3_nvic_reg/mm_bf_far_reg[30]/CLR. The LUT may glitch and trigger an unexpected reset, even if it is a properly timed path.
Related violations: <none>

LUTAR-1#4 Warning
LUT drives async reset alert  
LUT cell cm3_core_i/CORTEXM3_AXI_0/inst/u_CORTEXM3INTEGRATION/uCORTEXM3/u_cm3_nvic/u_cm3_nvic_reg/base_addr[7]_i_2__6, with 2 or more inputs, drives asynchronous preset/clear pin(s) cm3_core_i/CORTEXM3_AXI_0/inst/u_CORTEXM3INTEGRATION/uCORTEXM3/u_cm3_bus_matrix/u_cm3_mtx_bit_master/bm_icore_to_sys_valid_reg_reg/CLR, cm3_core_i/CORTEXM3_AXI_0/inst/u_CORTEXM3INTEGRATION/uCORTEXM3/u_cm3_bus_matrix/u_cm3_mtx_bit_master/bm_master_sel_reg[0]/CLR, cm3_core_i/CORTEXM3_AXI_0/inst/u_CORTEXM3INTEGRATION/uCORTEXM3/u_cm3_bus_matrix/u_cm3_mtx_bit_master/bm_master_sel_reg[1]/CLR, cm3_core_i/CORTEXM3_AXI_0/inst/u_CORTEXM3INTEGRATION/uCORTEXM3/u_cm3_bus_matrix/u_cm3_mtx_bit_master/bm_master_sel_reg[2]/CLR, cm3_core_i/CORTEXM3_AXI_0/inst/u_CORTEXM3INTEGRATION/uCORTEXM3/u_cm3_bus_matrix/u_cm3_mtx_bit_master/bm_slave_sel_reg[0]/CLR, cm3_core_i/CORTEXM3_AXI_0/inst/u_CORTEXM3INTEGRATION/uCORTEXM3/u_cm3_bus_matrix/u_cm3_mtx_bit_master/bm_slave_sel_reg[1]/CLR, cm3_core_i/CORTEXM3_AXI_0/inst/u_CORTEXM3INTEGRATION/uCORTEXM3/u_cm3_bus_matrix/u_cm3_mtx_bit_master/bm_state_reg[0]/CLR, cm3_core_i/CORTEXM3_AXI_0/inst/u_CORTEXM3INTEGRATION/uCORTEXM3/u_cm3_bus_matrix/u_cm3_mtx_bit_master/bm_state_reg[1]/CLR, cm3_core_i/CORTEXM3_AXI_0/inst/u_CORTEXM3INTEGRATION/uCORTEXM3/u_cm3_bus_matrix/u_cm3_mtx_bit_master/bm_state_reg[2]/CLR, cm3_core_i/CORTEXM3_AXI_0/inst/u_CORTEXM3INTEGRATION/uCORTEXM3/u_cm3_bus_matrix/u_cm3_mtx_bit_master/bm_state_reg[3]/CLR, cm3_core_i/CORTEXM3_AXI_0/inst/u_CORTEXM3INTEGRATION/uCORTEXM3/u_cm3_bus_matrix/u_cm3_mtx_bit_master/bm_unalign_reg[0]/CLR, cm3_core_i/CORTEXM3_AXI_0/inst/u_CORTEXM3INTEGRATION/uCORTEXM3/u_cm3_bus_matrix/u_cm3_mtx_bit_master/bm_unalign_reg[1]/CLR, cm3_core_i/CORTEXM3_AXI_0/inst/u_CORTEXM3INTEGRATION/uCORTEXM3/u_cm3_bus_matrix/u_cm3_mtx_bit_master/bm_unalign_reg[2]/CLR, cm3_core_i/CORTEXM3_AXI_0/inst/u_CORTEXM3INTEGRATION/uCORTEXM3/u_cm3_bus_matrix/u_cm3_mtx_bit_master/dcore_fpb_pend_reg/CLR, cm3_core_i/CORTEXM3_AXI_0/inst/u_CORTEXM3INTEGRATION/uCORTEXM3/u_cm3_bus_matrix/u_cm3_mtx_bit_master/icore_fpb_pend_reg/CLR (the first 15 of 507 listed). The LUT may glitch and trigger an unexpected reset, even if it is a properly timed path.
Related violations: <none>

LUTAR-1#5 Warning
LUT drives async reset alert  
LUT cell cm3_core_i/CORTEXM3_AXI_0/inst/u_CORTEXM3INTEGRATION/uCORTEXM3/u_cm3_nvic/u_cm3_nvic_reg/dbg_halted_i_2, with 2 or more inputs, drives asynchronous preset/clear pin(s) cm3_core_i/CORTEXM3_AXI_0/inst/u_CORTEXM3INTEGRATION/uCORTEXM3/u_cm3_dpu/u_cm3_dpu_lsu/u_cm3_dpu_lsu_ahbintf/addrd_1k_cross_reg/CLR, cm3_core_i/CORTEXM3_AXI_0/inst/u_CORTEXM3INTEGRATION/uCORTEXM3/u_cm3_dpu/u_cm3_dpu_lsu/u_cm3_dpu_lsu_ahbintf/algn_size_ex_reg[0]/CLR, cm3_core_i/CORTEXM3_AXI_0/inst/u_CORTEXM3INTEGRATION/uCORTEXM3/u_cm3_dpu/u_cm3_dpu_lsu/u_cm3_dpu_lsu_ahbintf/algn_size_ex_reg[1]/CLR, cm3_core_i/CORTEXM3_AXI_0/inst/u_CORTEXM3INTEGRATION/uCORTEXM3/u_cm3_dpu/u_cm3_dpu_lsu/u_cm3_dpu_lsu_ahbintf/dbg_wr_isr_reg/CLR, cm3_core_i/CORTEXM3_AXI_0/inst/u_CORTEXM3INTEGRATION/uCORTEXM3/u_cm3_dpu/u_cm3_dpu_lsu/u_cm3_dpu_lsu_ahbintf/fault_lsu_precise_ex_reg/CLR, cm3_core_i/CORTEXM3_AXI_0/inst/u_CORTEXM3INTEGRATION/uCORTEXM3/u_cm3_dpu/u_cm3_dpu_lsu/u_cm3_dpu_lsu_ahbintf/fault_lsu_resp_ex_reg/CLR, cm3_core_i/CORTEXM3_AXI_0/inst/u_CORTEXM3INTEGRATION/uCORTEXM3/u_cm3_dpu/u_cm3_dpu_lsu/u_cm3_dpu_lsu_ahbintf/haddrd_reg_reg[0]/CLR, cm3_core_i/CORTEXM3_AXI_0/inst/u_CORTEXM3INTEGRATION/uCORTEXM3/u_cm3_dpu/u_cm3_dpu_lsu/u_cm3_dpu_lsu_ahbintf/haddrd_reg_reg[1]/CLR, cm3_core_i/CORTEXM3_AXI_0/inst/u_CORTEXM3INTEGRATION/uCORTEXM3/u_cm3_dpu/u_cm3_dpu_lsu/u_cm3_dpu_lsu_ahbintf/hsized_reg_reg[0]/CLR, cm3_core_i/CORTEXM3_AXI_0/inst/u_CORTEXM3INTEGRATION/uCORTEXM3/u_cm3_dpu/u_cm3_dpu_lsu/u_cm3_dpu_lsu_ahbintf/hsized_reg_reg[1]/CLR, cm3_core_i/CORTEXM3_AXI_0/inst/u_CORTEXM3INTEGRATION/uCORTEXM3/u_cm3_dpu/u_cm3_dpu_lsu/u_cm3_dpu_lsu_ahbintf/htransd_reg_reg/CLR, cm3_core_i/CORTEXM3_AXI_0/inst/u_CORTEXM3INTEGRATION/uCORTEXM3/u_cm3_dpu/u_cm3_dpu_lsu/u_cm3_dpu_lsu_ahbintf/hwrited_reg_reg/CLR, cm3_core_i/CORTEXM3_AXI_0/inst/u_CORTEXM3INTEGRATION/uCORTEXM3/u_cm3_dpu/u_cm3_dpu_lsu/u_cm3_dpu_lsu_ahbintf/int_algn_unstk_64_valid_reg/CLR, cm3_core_i/CORTEXM3_AXI_0/inst/u_CORTEXM3INTEGRATION/uCORTEXM3/u_cm3_dpu/u_cm3_dpu_lsu/u_cm3_dpu_lsu_ahbintf/int_chk_algn_64_reg/CLR, cm3_core_i/CORTEXM3_AXI_0/inst/u_CORTEXM3INTEGRATION/uCORTEXM3/u_cm3_dpu/u_cm3_dpu_lsu/u_cm3_dpu_lsu_ahbintf/int_req_algn_64_reg/CLR (the first 15 of 115 listed). The LUT may glitch and trigger an unexpected reset, even if it is a properly timed path.
Related violations: <none>

LUTAR-1#6 Warning
LUT drives async reset alert  
LUT cell cm3_core_i/CORTEXM3_AXI_0/inst/u_CORTEXM3INTEGRATION/uCORTEXM3/u_cm3_nvic/u_cm3_nvic_reg/dbg_restarted_reg_i_2, with 2 or more inputs, drives asynchronous preset/clear pin(s) cm3_core_i/CORTEXM3_AXI_0/inst/u_CORTEXM3INTEGRATION/uCORTEXM3/u_cm3_dpu/u_cm3_dpu_alu/u_cm3_dpu_alu_ctl/ialu_mcyc_state_ex_reg[3]_rep/CLR, cm3_core_i/CORTEXM3_AXI_0/inst/u_CORTEXM3INTEGRATION/uCORTEXM3/u_cm3_dpu/u_cm3_dpu_lsu/u_cm3_dpu_lsu_ctl/state_reg[2]_rep/CLR, cm3_core_i/CORTEXM3_AXI_0/inst/u_CORTEXM3INTEGRATION/uCORTEXM3/u_cm3_dpu/u_cm3_dpu_lsu/u_cm3_dpu_lsu_ctl/state_reg[2]_rep__0/CLR, cm3_core_i/CORTEXM3_AXI_0/inst/u_CORTEXM3INTEGRATION/uCORTEXM3/u_cm3_dpu/u_cm3_dpu_lsu/u_cm3_dpu_lsu_ctl/state_reg[3]_rep/CLR, cm3_core_i/CORTEXM3_AXI_0/inst/u_CORTEXM3INTEGRATION/uCORTEXM3/u_cm3_nvic/u_cm3_nvic_main/fault_pending_reg/CLR, cm3_core_i/CORTEXM3_AXI_0/inst/u_CORTEXM3INTEGRATION/uCORTEXM3/u_cm3_nvic/u_cm3_nvic_main/in_pop_reg/CLR, cm3_core_i/CORTEXM3_AXI_0/inst/u_CORTEXM3INTEGRATION/uCORTEXM3/u_cm3_nvic/u_cm3_nvic_main/int_fmask_reg/CLR, cm3_core_i/CORTEXM3_AXI_0/inst/u_CORTEXM3INTEGRATION/uCORTEXM3/u_cm3_nvic/u_cm3_nvic_main/int_invoke_reg/CLR, cm3_core_i/CORTEXM3_AXI_0/inst/u_CORTEXM3INTEGRATION/uCORTEXM3/u_cm3_nvic/u_cm3_nvic_main/int_non_actv_exit_reg/CLR, cm3_core_i/CORTEXM3_AXI_0/inst/u_CORTEXM3INTEGRATION/uCORTEXM3/u_cm3_nvic/u_cm3_nvic_main/int_nxt_lvl_reg[0]/CLR, cm3_core_i/CORTEXM3_AXI_0/inst/u_CORTEXM3INTEGRATION/uCORTEXM3/u_cm3_nvic/u_cm3_nvic_main/int_nxt_lvl_reg[1]/CLR, cm3_core_i/CORTEXM3_AXI_0/inst/u_CORTEXM3INTEGRATION/uCORTEXM3/u_cm3_nvic/u_cm3_nvic_main/int_nxt_lvl_reg[2]/CLR, cm3_core_i/CORTEXM3_AXI_0/inst/u_CORTEXM3INTEGRATION/uCORTEXM3/u_cm3_nvic/u_cm3_nvic_main/int_ret_to_base_reg/CLR, cm3_core_i/CORTEXM3_AXI_0/inst/u_CORTEXM3INTEGRATION/uCORTEXM3/u_cm3_nvic/u_cm3_nvic_main/slp_sleeponexit_reg/CLR, cm3_core_i/CORTEXM3_AXI_0/inst/u_CORTEXM3INTEGRATION/uCORTEXM3/u_cm3_nvic/u_cm3_nvic_main/u_cm3_nvic_int_state/actv_state_reg[0]/CLR (the first 15 of 114 listed). The LUT may glitch and trigger an unexpected reset, even if it is a properly timed path.
Related violations: <none>

LUTAR-1#7 Warning
LUT drives async reset alert  
LUT cell cm3_core_i/CORTEXM3_AXI_0/inst/u_CORTEXM3INTEGRATION/uCORTEXM3/u_cm3_nvic/u_cm3_nvic_reg/instr_ex_br_det_ex[0]_i_2, with 2 or more inputs, drives asynchronous preset/clear pin(s) cm3_core_i/CORTEXM3_AXI_0/inst/u_CORTEXM3INTEGRATION/uCORTEXM3/u_cm3_dpu/u_cm3_dpu_lsu/u_cm3_dpu_lsu_ctl/instr_lsm_baseinlist_ex_reg/CLR, cm3_core_i/CORTEXM3_AXI_0/inst/u_CORTEXM3INTEGRATION/uCORTEXM3/u_cm3_dpu/u_cm3_dpu_lsu/u_cm3_dpu_lsu_ctl/instr_lsu_ctl_ex_reg[10]/CLR, cm3_core_i/CORTEXM3_AXI_0/inst/u_CORTEXM3INTEGRATION/uCORTEXM3/u_cm3_dpu/u_cm3_dpu_lsu/u_cm3_dpu_lsu_ctl/instr_lsu_ctl_ex_reg[11]/CLR, cm3_core_i/CORTEXM3_AXI_0/inst/u_CORTEXM3INTEGRATION/uCORTEXM3/u_cm3_dpu/u_cm3_dpu_lsu/u_cm3_dpu_lsu_ctl/instr_lsu_ctl_ex_reg[13]/CLR, cm3_core_i/CORTEXM3_AXI_0/inst/u_CORTEXM3INTEGRATION/uCORTEXM3/u_cm3_dpu/u_cm3_dpu_lsu/u_cm3_dpu_lsu_ctl/instr_lsu_ctl_ex_reg[14]/CLR, cm3_core_i/CORTEXM3_AXI_0/inst/u_CORTEXM3INTEGRATION/uCORTEXM3/u_cm3_dpu/u_cm3_dpu_lsu/u_cm3_dpu_lsu_ctl/instr_lsu_ctl_ex_reg[5]/CLR, cm3_core_i/CORTEXM3_AXI_0/inst/u_CORTEXM3INTEGRATION/uCORTEXM3/u_cm3_dpu/u_cm3_dpu_lsu/u_cm3_dpu_lsu_ctl/instr_lsu_ctl_ex_reg[6]/CLR, cm3_core_i/CORTEXM3_AXI_0/inst/u_CORTEXM3INTEGRATION/uCORTEXM3/u_cm3_dpu/u_cm3_dpu_lsu/u_cm3_dpu_lsu_ctl/instr_lsu_ctl_ex_reg[9]/CLR, cm3_core_i/CORTEXM3_AXI_0/inst/u_CORTEXM3INTEGRATION/uCORTEXM3/u_cm3_dpu/u_cm3_dpu_lsu/u_cm3_dpu_lsu_ctl/instr_rf_rd_c_addr_ex_reg[0]/CLR, cm3_core_i/CORTEXM3_AXI_0/inst/u_CORTEXM3INTEGRATION/uCORTEXM3/u_cm3_dpu/u_cm3_dpu_lsu/u_cm3_dpu_lsu_ctl/instr_rf_rd_c_addr_ex_reg[1]/CLR, cm3_core_i/CORTEXM3_AXI_0/inst/u_CORTEXM3INTEGRATION/uCORTEXM3/u_cm3_dpu/u_cm3_dpu_lsu/u_cm3_dpu_lsu_ctl/instr_rf_rd_c_addr_ex_reg[2]/CLR, cm3_core_i/CORTEXM3_AXI_0/inst/u_CORTEXM3INTEGRATION/uCORTEXM3/u_cm3_dpu/u_cm3_dpu_lsu/u_cm3_dpu_lsu_ctl/instr_rf_rd_c_addr_ex_reg[3]/CLR, cm3_core_i/CORTEXM3_AXI_0/inst/u_CORTEXM3INTEGRATION/uCORTEXM3/u_cm3_dpu/u_cm3_dpu_lsu/u_cm3_dpu_lsu_ctl/int_stacking_reg/CLR, cm3_core_i/CORTEXM3_AXI_0/inst/u_CORTEXM3INTEGRATION/uCORTEXM3/u_cm3_dpu/u_cm3_dpu_lsu/u_cm3_dpu_lsu_ctl/int_unstacking_reg/CLR, cm3_core_i/CORTEXM3_AXI_0/inst/u_CORTEXM3INTEGRATION/uCORTEXM3/u_cm3_dpu/u_cm3_dpu_lsu/u_cm3_dpu_lsu_ctl/lsm_last_ex_reg/CLR (the first 15 of 115 listed). The LUT may glitch and trigger an unexpected reset, even if it is a properly timed path.
Related violations: <none>

LUTAR-1#8 Warning
LUT drives async reset alert  
LUT cell cm3_core_i/CORTEXM3_AXI_0/inst/u_CORTEXM3INTEGRATION/uCORTEXM3/u_cm3_nvic/u_cm3_nvic_reg/int_vect_trk_fe_i_2, with 2 or more inputs, drives asynchronous preset/clear pin(s) cm3_core_i/CORTEXM3_AXI_0/inst/u_CORTEXM3INTEGRATION/uCORTEXM3/u_cm3_dpu/u_cm3_dpu_etmintf/etm_ia_reg[10]/CLR, cm3_core_i/CORTEXM3_AXI_0/inst/u_CORTEXM3INTEGRATION/uCORTEXM3/u_cm3_dpu/u_cm3_dpu_etmintf/etm_ia_reg[11]/CLR, cm3_core_i/CORTEXM3_AXI_0/inst/u_CORTEXM3INTEGRATION/uCORTEXM3/u_cm3_dpu/u_cm3_dpu_etmintf/etm_ia_reg[24]/CLR, cm3_core_i/CORTEXM3_AXI_0/inst/u_CORTEXM3INTEGRATION/uCORTEXM3/u_cm3_dpu/u_cm3_dpu_etmintf/etm_ia_reg[25]/CLR, cm3_core_i/CORTEXM3_AXI_0/inst/u_CORTEXM3INTEGRATION/uCORTEXM3/u_cm3_dpu/u_cm3_dpu_etmintf/etm_ia_reg[26]/CLR, cm3_core_i/CORTEXM3_AXI_0/inst/u_CORTEXM3INTEGRATION/uCORTEXM3/u_cm3_dpu/u_cm3_dpu_etmintf/etm_ia_reg[27]/CLR, cm3_core_i/CORTEXM3_AXI_0/inst/u_CORTEXM3INTEGRATION/uCORTEXM3/u_cm3_dpu/u_cm3_dpu_etmintf/etm_ia_reg[28]/CLR, cm3_core_i/CORTEXM3_AXI_0/inst/u_CORTEXM3INTEGRATION/uCORTEXM3/u_cm3_dpu/u_cm3_dpu_etmintf/etm_ia_reg[29]/CLR, cm3_core_i/CORTEXM3_AXI_0/inst/u_CORTEXM3INTEGRATION/uCORTEXM3/u_cm3_dpu/u_cm3_dpu_etmintf/etm_ia_reg[30]/CLR, cm3_core_i/CORTEXM3_AXI_0/inst/u_CORTEXM3INTEGRATION/uCORTEXM3/u_cm3_dpu/u_cm3_dpu_etmintf/etm_ia_reg[31]/CLR, cm3_core_i/CORTEXM3_AXI_0/inst/u_CORTEXM3INTEGRATION/uCORTEXM3/u_cm3_dpu/u_cm3_dpu_etmintf/etm_ia_reg[3]/CLR, cm3_core_i/CORTEXM3_AXI_0/inst/u_CORTEXM3INTEGRATION/uCORTEXM3/u_cm3_dpu/u_cm3_dpu_etmintf/etm_ia_reg[4]/CLR, cm3_core_i/CORTEXM3_AXI_0/inst/u_CORTEXM3INTEGRATION/uCORTEXM3/u_cm3_dpu/u_cm3_dpu_etmintf/etm_ia_reg[5]/CLR, cm3_core_i/CORTEXM3_AXI_0/inst/u_CORTEXM3INTEGRATION/uCORTEXM3/u_cm3_dpu/u_cm3_dpu_etmintf/etm_ia_reg[6]/CLR, cm3_core_i/CORTEXM3_AXI_0/inst/u_CORTEXM3INTEGRATION/uCORTEXM3/u_cm3_dpu/u_cm3_dpu_etmintf/etm_ia_reg[7]/CLR (the first 15 of 115 listed). The LUT may glitch and trigger an unexpected reset, even if it is a properly timed path.
Related violations: <none>

LUTAR-1#9 Warning
LUT drives async reset alert  
LUT cell cm3_core_i/CORTEXM3_AXI_0/inst/u_CORTEXM3INTEGRATION/uCORTEXM3/u_cm3_nvic/u_cm3_nvic_reg/lockup[0]_i_2, with 2 or more inputs, drives asynchronous preset/clear pin(s) cm3_core_i/CORTEXM3_AXI_0/inst/u_CORTEXM3INTEGRATION/uCORTEXM3/u_cm3_dpu/u_cm3_dpu_lsu/u_cm3_dpu_lsu_ahbintf/fault_lsu_bus_ex_reg[0]/CLR, cm3_core_i/CORTEXM3_AXI_0/inst/u_CORTEXM3INTEGRATION/uCORTEXM3/u_cm3_dpu/u_cm3_dpu_lsu/u_cm3_dpu_lsu_ahbintf/fault_lsu_bus_ex_reg[1]/CLR, cm3_core_i/CORTEXM3_AXI_0/inst/u_CORTEXM3INTEGRATION/uCORTEXM3/u_cm3_dpu/u_cm3_dpu_lsu/u_cm3_dpu_lsu_ahbintf/fault_lsu_bus_ex_reg[2]/CLR, cm3_core_i/CORTEXM3_AXI_0/inst/u_CORTEXM3INTEGRATION/uCORTEXM3/u_cm3_dpu/u_cm3_dpu_lsu/u_cm3_dpu_lsu_ahbintf/fault_lsu_bus_ex_reg[3]/CLR, cm3_core_i/CORTEXM3_AXI_0/inst/u_CORTEXM3INTEGRATION/uCORTEXM3/u_cm3_dpu/u_cm3_dpu_lsu/u_cm3_dpu_lsu_ahbintf/fault_lsu_bus_ex_reg[5]/CLR, cm3_core_i/CORTEXM3_AXI_0/inst/u_CORTEXM3INTEGRATION/uCORTEXM3/u_cm3_dpu/u_cm3_dpu_lsu/u_cm3_dpu_lsu_ahbintf/fault_lsu_bus_ex_reg[6]/CLR, cm3_core_i/CORTEXM3_AXI_0/inst/u_CORTEXM3INTEGRATION/uCORTEXM3/u_cm3_dpu/u_cm3_dpu_lsu/u_cm3_dpu_lsu_ahbintf/fault_lsu_bus_ex_reg[8]/CLR, cm3_core_i/CORTEXM3_AXI_0/inst/u_CORTEXM3INTEGRATION/uCORTEXM3/u_cm3_dpu/u_cm3_dpu_lsu/u_cm3_dpu_lsu_ahbintf/fault_lsu_bus_ex_reg[9]/CLR, cm3_core_i/CORTEXM3_AXI_0/inst/u_CORTEXM3INTEGRATION/uCORTEXM3/u_cm3_dpu/u_cm3_dpu_lsu/u_cm3_dpu_lsu_ahbintf/int_retisr_reg[0]/CLR, cm3_core_i/CORTEXM3_AXI_0/inst/u_CORTEXM3INTEGRATION/uCORTEXM3/u_cm3_dpu/u_cm3_dpu_lsu/u_cm3_dpu_lsu_ahbintf/int_retisr_reg[1]/CLR, cm3_core_i/CORTEXM3_AXI_0/inst/u_CORTEXM3INTEGRATION/uCORTEXM3/u_cm3_dpu/u_cm3_dpu_lsu/u_cm3_dpu_lsu_ahbintf/int_retisr_reg[2]/CLR, cm3_core_i/CORTEXM3_AXI_0/inst/u_CORTEXM3INTEGRATION/uCORTEXM3/u_cm3_dpu/u_cm3_dpu_lsu/u_cm3_dpu_lsu_ahbintf/int_retisr_reg[3]/CLR, cm3_core_i/CORTEXM3_AXI_0/inst/u_CORTEXM3INTEGRATION/uCORTEXM3/u_cm3_dpu/u_cm3_dpu_lsu/u_cm3_dpu_lsu_ahbintf/lsu_exit_valid_ex_reg/CLR, cm3_core_i/CORTEXM3_AXI_0/inst/u_CORTEXM3INTEGRATION/uCORTEXM3/u_cm3_nvic/u_cm3_nvic_main/int_curr_isr_reg[0]/CLR, cm3_core_i/CORTEXM3_AXI_0/inst/u_CORTEXM3INTEGRATION/uCORTEXM3/u_cm3_nvic/u_cm3_nvic_main/int_curr_isr_reg[1]/CLR (the first 15 of 114 listed). The LUT may glitch and trigger an unexpected reset, even if it is a properly timed path.
Related violations: <none>

TIMING-6#1 Warning
No common primary clock between related clocks  
The clocks CLK and SWCLK are related (timed together) but they have no common primary clock. The design could fail in hardware. To find a timing path between these clocks, run the following command: report_timing -from [get_clocks CLK] -to [get_clocks SWCLK]
Related violations: <none>

TIMING-6#2 Warning
No common primary clock between related clocks  
The clocks SWCLK and CLK are related (timed together) but they have no common primary clock. The design could fail in hardware. To find a timing path between these clocks, run the following command: report_timing -from [get_clocks SWCLK] -to [get_clocks CLK]
Related violations: <none>

TIMING-7#1 Warning
No common node between related clocks  
The clocks CLK and SWCLK are related (timed together) but they have no common node. The design could fail in hardware. To find a timing path between these clocks, run the following command: report_timing -from [get_clocks CLK] -to [get_clocks SWCLK]
Related violations: <none>

TIMING-7#2 Warning
No common node between related clocks  
The clocks SWCLK and CLK are related (timed together) but they have no common node. The design could fail in hardware. To find a timing path between these clocks, run the following command: report_timing -from [get_clocks SWCLK] -to [get_clocks CLK]
Related violations: <none>

TIMING-18#1 Warning
Missing input or output delay  
An input delay is missing on GPIOA_tri_io[0] relative to clock(s) CLK
Related violations: <none>

TIMING-18#2 Warning
Missing input or output delay  
An input delay is missing on GPIOA_tri_io[1] relative to clock(s) CLK
Related violations: <none>

TIMING-18#3 Warning
Missing input or output delay  
An input delay is missing on GPIOA_tri_io[2] relative to clock(s) CLK
Related violations: <none>

TIMING-18#4 Warning
Missing input or output delay  
An input delay is missing on GPIOA_tri_io[3] relative to clock(s) CLK
Related violations: <none>

TIMING-18#5 Warning
Missing input or output delay  
An input delay is missing on GPIOA_tri_io[4] relative to clock(s) CLK
Related violations: <none>

TIMING-18#6 Warning
Missing input or output delay  
An input delay is missing on GPIOA_tri_io[5] relative to clock(s) CLK
Related violations: <none>

TIMING-18#7 Warning
Missing input or output delay  
An input delay is missing on GPIOA_tri_io[6] relative to clock(s) CLK
Related violations: <none>

TIMING-18#8 Warning
Missing input or output delay  
An input delay is missing on GPIOA_tri_io[7] relative to clock(s) CLK
Related violations: <none>

TIMING-18#9 Warning
Missing input or output delay  
An input delay is missing on RST relative to clock(s) CLK
Related violations: <none>

TIMING-18#10 Warning
Missing input or output delay  
An input delay is missing on SWDIO relative to clock(s) SWCLK
Related violations: <none>

TIMING-18#11 Warning
Missing input or output delay  
An input delay is missing on UART_RX relative to clock(s) CLK
Related violations: <none>

TIMING-18#12 Warning
Missing input or output delay  
An output delay is missing on UART_TX relative to clock(s) CLK
Related violations: <none>


